<?xml version="1.0" encoding="utf-8"?><testsuites name="pytest tests"><testsuite name="pytest" errors="0" failures="0" skipped="0" tests="14" time="5.553" timestamp="2026-06-07T16:38:49.866812+00:00" hostname="agent-env-75beb0e6-c9fa-4ff7-90aa-c71b219fbffb"><testcase classname="backend.tests.test_default_avatars.TestStaticAvatarsServed" name="test_avatar_head_ok[default-1-panda.png]" time="0.185" /><testcase classname="backend.tests.test_default_avatars.TestStaticAvatarsServed" name="test_avatar_head_ok[default-2-corgi.png]" time="0.067" /><testcase classname="backend.tests.test_default_avatars.TestStaticAvatarsServed" name="test_avatar_head_ok[default-3-kitten.png]" time="0.064" /><testcase classname="backend.tests.test_default_avatars.TestStaticAvatarsServed" name="test_avatar_head_ok[default-4-alien.png]" time="0.060" /><testcase classname="backend.tests.test_default_avatars.TestStaticAvatarsServed" name="test_avatar_head_ok[default-5-penguin.png]" time="0.065" /><testcase classname="backend.tests.test_default_avatars.TestStaticAvatarsServed" name="test_avatar_head_ok[default-6-bunny.png]" time="0.070" /><testcase classname="backend.tests.test_default_avatars.TestStaticAvatarsServed" name="test_avatar_head_ok[default-7-fox.png]" time="0.062" /><testcase classname="backend.tests.test_default_avatars.TestStaticAvatarsServed" name="test_avatar_head_ok[default-8-robot.png]" time="0.065" /><testcase classname="backend.tests.test_default_avatars.TestStaticAvatarsServed" name="test_avatar_head_ok[default-9-koala.png]" time="0.063" /><testcase classname="backend.tests.test_default_avatars.TestRegisterAssignsDefaultAvatar" name="test_register_10_users_and_check_randomization" time="3.380" /><testcase classname="backend.tests.test_default_avatars.TestExistingUsersBackfilled" name="test_avatar_tester_user_has_default" time="0.332" /><testcase classname="backend.tests.test_default_avatars.TestExistingUsersBackfilled" name="test_room_members_all_have_valid_photo" time="0.337" /><testcase classname="backend.tests.test_default_avatars.TestExistingUsersBackfilled" name="test_no_stale_default_filenames" time="0.333" /><testcase classname="backend.tests.test_default_avatars.TestRegisteredUserAvatarServedCorrectly" name="test_new_user_avatar_resolves_to_real_png" time="0.397" /></testsuite></testsuites>