<?xml version="1.0" encoding="utf-8"?><testsuites name="pytest tests"><testsuite name="pytest" errors="0" failures="0" skipped="0" tests="32" time="12.670" timestamp="2026-05-30T09:24:49.247100+00:00" hostname="agent-env-4024dc6b-0189-49c5-8498-18e608b2781f"><testcase classname="backend.tests.test_friends_notifications.TestAuthRegression" name="test_login_alice" time="0.480" /><testcase classname="backend.tests.test_friends_notifications.TestAuthRegression" name="test_me_returns_profile" time="1.914" /><testcase classname="backend.tests.test_friends_notifications.TestSearchUsers" name="test_search_short_query_returns_empty" time="0.103" /><testcase classname="backend.tests.test_friends_notifications.TestSearchUsers" name="test_search_empty_query_returns_empty" time="0.112" /><testcase classname="backend.tests.test_friends_notifications.TestSearchUsers" name="test_search_case_insensitive_and_excludes_self" time="0.107" /><testcase classname="backend.tests.test_friends_notifications.TestSearchUsers" name="test_search_requires_auth" time="0.101" /><testcase classname="backend.tests.test_friends_notifications.TestFriendFlow" name="test_01_send_request_creates_notification" time="0.221" /><testcase classname="backend.tests.test_friends_notifications.TestFriendFlow" name="test_02_search_shows_sent_status" time="0.120" /><testcase classname="backend.tests.test_friends_notifications.TestFriendFlow" name="test_03_search_shows_received_status_for_bob" time="0.101" /><testcase classname="backend.tests.test_friends_notifications.TestFriendFlow" name="test_04_pending_returns_received_request" time="0.102" /><testcase classname="backend.tests.test_friends_notifications.TestFriendFlow" name="test_05_sent_returns_sent_request" time="0.096" /><testcase classname="backend.tests.test_friends_notifications.TestFriendFlow" name="test_06_unauthorized_cannot_reject_others_request" time="0.208" /><testcase classname="backend.tests.test_friends_notifications.TestFriendFlow" name="test_07_accept_creates_friend_accepted_notification" time="0.305" /><testcase classname="backend.tests.test_friends_notifications.TestFriendFlow" name="test_08_friends_list_shows_both" time="0.226" /><testcase classname="backend.tests.test_friends_notifications.TestFriendFlow" name="test_09_search_shows_friends_status" time="0.106" /><testcase classname="backend.tests.test_friends_notifications.TestFriendFlow" name="test_10_remove_friend" time="0.213" /><testcase classname="backend.tests.test_friends_notifications.TestFriendFlow" name="test_11_remove_nonexistent_friend_404" time="0.101" /><testcase classname="backend.tests.test_friends_notifications.TestRejectFlow" name="test_reject_removes_request" time="1.182" /><testcase classname="backend.tests.test_friends_notifications.TestRejectFlow" name="test_reject_nonexistent_returns_404" time="0.108" /><testcase classname="backend.tests.test_friends_notifications.TestNotifications" name="test_list_notifications_structure" time="0.867" /><testcase classname="backend.tests.test_friends_notifications.TestNotifications" name="test_unread_count" time="0.106" /><testcase classname="backend.tests.test_friends_notifications.TestNotifications" name="test_mark_single_as_read" time="0.335" /><testcase classname="backend.tests.test_friends_notifications.TestNotifications" name="test_cannot_mark_others_notification" time="0.207" /><testcase classname="backend.tests.test_friends_notifications.TestNotifications" name="test_mark_all_read" time="1.080" /><testcase classname="backend.tests.test_friends_notifications.TestNotifications" name="test_delete_notification" time="0.302" /><testcase classname="backend.tests.test_friends_notifications.TestNotifications" name="test_cannot_delete_others_notification" time="1.052" /><testcase classname="backend.tests.test_friends_notifications.TestNotifications" name="test_delete_nonexistent_returns_404" time="0.098" /><testcase classname="backend.tests.test_friends_notifications.TestGameNotification" name="test_spin_wheel_big_win_creates_notification" time="0.774" /><testcase classname="backend.tests.test_friends_notifications.TestRegression" name="test_rooms_list" time="0.098" /><testcase classname="backend.tests.test_friends_notifications.TestRegression" name="test_leaderboard_xp" time="0.099" /><testcase classname="backend.tests.test_friends_notifications.TestRegression" name="test_leaderboard_coins" time="0.105" /><testcase classname="backend.tests.test_friends_notifications.TestRegression" name="test_friends_request_duplicate_rejected" time="1.338" /></testsuite></testsuites>