<?xml version="1.0" encoding="utf-8"?><testsuites name="pytest tests"><testsuite name="pytest" errors="0" failures="0" skipped="0" tests="18" time="68.072" timestamp="2026-06-07T03:02:54.934699+00:00" hostname="agent-env-e5ef67bb-aed7-4840-8a1a-12680c6b4a7f"><testcase classname="backend.tests.test_games_tournaments_gifting.TestGameTypesList" name="test_returns_exactly_two_games_with_required_fields" time="0.005" /><testcase classname="backend.tests.test_games_tournaments_gifting.TestRoomJoinCurrentRoomId" name="test_join_sets_currentRoomId" time="1.242" /><testcase classname="backend.tests.test_games_tournaments_gifting.TestCoinGifting" name="test_send_status_initial" time="0.032" /><testcase classname="backend.tests.test_games_tournaments_gifting.TestCoinGifting" name="test_send_happy_path" time="0.030" /><testcase classname="backend.tests.test_games_tournaments_gifting.TestCoinGifting" name="test_send_below_minimum" time="0.005" /><testcase classname="backend.tests.test_games_tournaments_gifting.TestCoinGifting" name="test_send_to_self" time="0.005" /><testcase classname="backend.tests.test_games_tournaments_gifting.TestCoinGifting" name="test_send_exceeds_daily_cap" time="0.015" /><testcase classname="backend.tests.test_games_tournaments_gifting.TestCoinGifting" name="test_send_insufficient_balance" time="0.037" /><testcase classname="backend.tests.test_games_tournaments_gifting.TestGameHostAndFlow" name="test_host_returns_image_and_tagline" time="22.014" /><testcase classname="backend.tests.test_games_tournaments_gifting.TestGameHostAndFlow" name="test_full_game_flow" time="22.052" /><testcase classname="backend.tests.test_games_tournaments_gifting.TestGameHostAndFlow" name="test_aborted_when_solo" time="22.026" /><testcase classname="backend.tests.test_games_tournaments_gifting.TestLeaderboards" name="test_points_leaderboard" time="0.003" /><testcase classname="backend.tests.test_games_tournaments_gifting.TestLeaderboards" name="test_coins_spent_leaderboard" time="0.007" /><testcase classname="backend.tests.test_games_tournaments_gifting.TestTournaments" name="test_create_tournament" time="0.019" /><testcase classname="backend.tests.test_games_tournaments_gifting.TestTournaments" name="test_join_wrong_room_403" time="0.036" /><testcase classname="backend.tests.test_games_tournaments_gifting.TestTournaments" name="test_auto_run_at_size_4" time="0.135" /><testcase classname="backend.tests.test_games_tournaments_gifting.TestTournaments" name="test_manual_start_with_2_players" time="0.027" /><testcase classname="backend.tests.test_games_tournaments_gifting.TestTournaments" name="test_join_full_tournament_400" time="0.030" /></testsuite></testsuites>