<?xml version="1.0" encoding="utf-8"?><testsuites name="pytest tests"><testsuite name="pytest" errors="0" failures="1" skipped="0" tests="23" time="86.133" timestamp="2026-06-07T03:51:31.463277+00:00" hostname="agent-env-e5ef67bb-aed7-4840-8a1a-12680c6b4a7f"><testcase classname="tests.test_dynamic_games_tournaments.TestGameHostDynamic" name="test_host_with_custom_fee_and_max" time="0.993" /><testcase classname="tests.test_dynamic_games_tournaments.TestGameHostDynamic" name="test_validation_fee_too_low" time="0.667" /><testcase classname="tests.test_dynamic_games_tournaments.TestGameHostDynamic" name="test_validation_fee_too_high" time="0.685" /><testcase classname="tests.test_dynamic_games_tournaments.TestGameHostDynamic" name="test_validation_maxplayers_too_low" time="0.680" /><testcase classname="tests.test_dynamic_games_tournaments.TestGameHostDynamic" name="test_validation_maxplayers_too_high" time="0.656" /><testcase classname="tests.test_dynamic_games_tournaments.TestGameHostDynamic" name="test_insufficient_coins" time="0.674" /><testcase classname="tests.test_dynamic_games_tournaments.TestGameHostDynamic" name="test_defaults_fallback" time="0.677" /><testcase classname="tests.test_dynamic_games_tournaments.TestGameFullFlow5050" name="test_2_player_50coin_5050_split" time="23.989" /><testcase classname="tests.test_dynamic_games_tournaments.TestGameFullFlow5050" name="test_3_player_25coin_odd_pot_split" time="24.295" /><testcase classname="tests.test_dynamic_games_tournaments.TestTournamentCreate" name="test_create_dynamic_8_with_fee_25" time="0.679" /><testcase classname="tests.test_dynamic_games_tournaments.TestTournamentCreate" name="test_defaults_size_and_fee" time="0.666" /><testcase classname="tests.test_dynamic_games_tournaments.TestTournamentCreate" name="test_validation" time="0.899"><failure message="AssertionError: assert 200 == 400&#10; +  where 200 = &lt;Response [200]&gt;.status_code&#10; +    where &lt;Response [200]&gt; = &lt;function post at 0xfd5abb867060&gt;('https://vip-styling-suite.preview.emergentagent.com/api/rooms/6a24ddb620bea231c011020e/tournaments', headers={'Authorization': 'Bearer eyJhbGciOiJIUzI1NiIsInR5cCI6IkpXVCJ9.eyJzdWIiOiI2YTI0ZWFmYWRkMzQxMDgzMGYxNDczMzMiLCJleHAiOjE3ODE0MDkxNDZ9.p-7H25dq6XWTc9_GvA3Akai7SFMzWdMtUVd-2n-F3gw'}, json={'entryFee': 0, 'gameType': 'card_higher'}, timeout=10)&#10; +      where &lt;function post at 0xfd5abb867060&gt; = requests.post">tests/test_dynamic_games_tournaments.py:237: in test_validation
    assert requests.post(f"{BASE}/rooms/{GAMES_HUB_ID}/tournaments", headers=H,
E   AssertionError: assert 200 == 400
E    +  where 200 = &lt;Response [200]&gt;.status_code
E    +    where &lt;Response [200]&gt; = &lt;function post at 0xfd5abb867060&gt;('https://vip-styling-suite.preview.emergentagent.com/api/rooms/6a24ddb620bea231c011020e/tournaments', headers={'Authorization': 'Bearer eyJhbGciOiJIUzI1NiIsInR5cCI6IkpXVCJ9.eyJzdWIiOiI2YTI0ZWFmYWRkMzQxMDgzMGYxNDczMzMiLCJleHAiOjE3ODE0MDkxNDZ9.p-7H25dq6XWTc9_GvA3Akai7SFMzWdMtUVd-2n-F3gw'}, json={'entryFee': 0, 'gameType': 'card_higher'}, timeout=10)
E    +      where &lt;function post at 0xfd5abb867060&gt; = requests.post</failure></testcase><testcase classname="tests.test_dynamic_games_tournaments.TestTournamentCreate" name="test_non_room_member_403" time="0.540" /><testcase classname="tests.test_dynamic_games_tournaments.TestTournamentRun" name="test_8_player_full_flow" time="5.756" /><testcase classname="tests.test_dynamic_games_tournaments.TestTournamentRun" name="test_champion_vip_pro" time="2.944" /><testcase classname="tests.test_dynamic_games_tournaments.TestTournamentRun" name="test_2_player_only_final" time="1.463" /><testcase classname="tests.test_dynamic_games_tournaments.TestTournamentRun" name="test_16_player_flow" time="10.728" /><testcase classname="tests.test_dynamic_games_tournaments.TestTournamentRun" name="test_odd_size_5_with_byes" time="3.421" /><testcase classname="tests.test_dynamic_games_tournaments.TestTournamentRun" name="test_manual_start_underfilled" time="1.384" /><testcase classname="tests.test_dynamic_games_tournaments.TestTournamentRun" name="test_leaderboard_points_reflects_champion" time="2.911" /><testcase classname="tests.test_dynamic_games_tournaments.TestRegression" name="test_games_types_list" time="0.101" /><testcase classname="tests.test_dynamic_games_tournaments.TestRegression" name="test_leaderboard_coins_spent" time="0.127" /><testcase classname="tests.test_dynamic_games_tournaments.TestRegression" name="test_coin_send" time="0.981" /></testsuite></testsuites>