<?xml version="1.0" encoding="utf-8"?><testsuites name="pytest tests"><testsuite name="pytest" errors="0" failures="2" skipped="0" tests="17" time="16.126" timestamp="2026-06-07T11:23:21.773525+00:00" hostname="agent-env-42850b4e-dd88-4bfd-b1bc-2a41149c2ee1"><testcase classname="backend.tests.test_profile_tournament_v2.TestPrizeHelpers" name="test_winners_count" time="0.000" /><testcase classname="backend.tests.test_profile_tournament_v2.TestPrizeHelpers" name="test_prize_split_le4" time="0.000" /><testcase classname="backend.tests.test_profile_tournament_v2.TestPrizeHelpers" name="test_prize_split_5_10" time="0.001" /><testcase classname="backend.tests.test_profile_tournament_v2.TestPrizeHelpers" name="test_prize_split_gt10" time="0.000" /><testcase classname="backend.tests.test_profile_tournament_v2.TestPrizeHelpers" name="test_visible_hours_constant" time="0.001" /><testcase classname="backend.tests.test_profile_tournament_v2.TestPrizeHelpers" name="test_join_code_generator" time="0.001" /><testcase classname="backend.tests.test_profile_tournament_v2.TestAuthFlow" name="test_register_login_me" time="0.912" /><testcase classname="backend.tests.test_profile_tournament_v2.TestProfileCard" name="test_fresh_user_counts_zero" time="1.011" /><testcase classname="backend.tests.test_profile_tournament_v2.TestFriendsPrivacy" name="test_self_can_see" time="0.105" /><testcase classname="backend.tests.test_profile_tournament_v2.TestFriendsPrivacy" name="test_others_get_403" time="0.102" /><testcase classname="backend.tests.test_profile_tournament_v2.TestPostsLikesCounts" name="test_post_and_like_counts" time="0.855" /><testcase classname="backend.tests.test_profile_tournament_v2.TestTournamentPublic" name="test_public_visible_to_other" time="0.440" /><testcase classname="backend.tests.test_profile_tournament_v2.TestTournamentPrivate" name="test_private_hidden_and_join_by_code" time="0.853" /><testcase classname="backend.tests.test_profile_tournament_v2.TestPrize_LE4" name="test_three_players_one_winner_full_pot" time="1.350" /><testcase classname="backend.tests.test_profile_tournament_v2.TestPrize_5_10" name="test_eight_players_70_30" time="5.061" /><testcase classname="backend.tests.test_profile_tournament_v2.TestPrize_GT10" name="test_eleven_players" time="4.853"><failure message="AssertionError: join_room 6a253bccc3df1a932dc3ee65: 400 {&quot;detail&quot;:&quot;Room is full&quot;}&#10;assert 400 in (200, 201)&#10; +  where 400 = &lt;Response [400]&gt;.status_code">backend/tests/test_profile_tournament_v2.py:407: in test_eleven_players
    join_room(u["token"], room_a)
backend/tests/test_profile_tournament_v2.py:87: in join_room
    assert r.status_code in (200, 201), f"join_room {room_id}: {r.status_code} {r.text}"
E   AssertionError: join_room 6a253bccc3df1a932dc3ee65: 400 {"detail":"Room is full"}
E   assert 400 in (200, 201)
E    +  where 400 = &lt;Response [400]&gt;.status_code</failure></testcase><testcase classname="backend.tests.test_profile_tournament_v2.TestRoomScoped" name="test_tournament_not_in_other_room" time="0.103"><failure message="AssertionError: join_room 6a253bccc3df1a932dc3ee65: 400 {&quot;detail&quot;:&quot;Room is full&quot;}&#10;assert 400 in (200, 201)&#10; +  where 400 = &lt;Response [400]&gt;.status_code">backend/tests/test_profile_tournament_v2.py:440: in test_tournament_not_in_other_room
    join_room(alice["token"], room_a)
backend/tests/test_profile_tournament_v2.py:87: in join_room
    assert r.status_code in (200, 201), f"join_room {room_id}: {r.status_code} {r.text}"
E   AssertionError: join_room 6a253bccc3df1a932dc3ee65: 400 {"detail":"Room is full"}
E   assert 400 in (200, 201)
E    +  where 400 = &lt;Response [400]&gt;.status_code</failure></testcase></testsuite></testsuites>