<?xml version="1.0" encoding="utf-8"?><testsuites name="pytest tests"><testsuite name="pytest" errors="0" failures="0" skipped="0" tests="17" time="17.948" timestamp="2026-06-07T09:41:28.971835+00:00" hostname="agent-env-42850b4e-dd88-4bfd-b1bc-2a41149c2ee1"><testcase classname="backend.tests.test_profile_tournament_v2.TestPrizeHelpers" name="test_winners_count" time="0.000" /><testcase classname="backend.tests.test_profile_tournament_v2.TestPrizeHelpers" name="test_prize_split_le4" time="0.000" /><testcase classname="backend.tests.test_profile_tournament_v2.TestPrizeHelpers" name="test_prize_split_5_10" time="0.000" /><testcase classname="backend.tests.test_profile_tournament_v2.TestPrizeHelpers" name="test_prize_split_gt10" time="0.000" /><testcase classname="backend.tests.test_profile_tournament_v2.TestPrizeHelpers" name="test_visible_hours_constant" time="0.000" /><testcase classname="backend.tests.test_profile_tournament_v2.TestPrizeHelpers" name="test_join_code_generator" time="0.000" /><testcase classname="backend.tests.test_profile_tournament_v2.TestAuthFlow" name="test_register_login_me" time="0.970" /><testcase classname="backend.tests.test_profile_tournament_v2.TestProfileCard" name="test_fresh_user_counts_zero" time="1.028" /><testcase classname="backend.tests.test_profile_tournament_v2.TestFriendsPrivacy" name="test_self_can_see" time="0.106" /><testcase classname="backend.tests.test_profile_tournament_v2.TestFriendsPrivacy" name="test_others_get_403" time="0.096" /><testcase classname="backend.tests.test_profile_tournament_v2.TestPostsLikesCounts" name="test_post_and_like_counts" time="0.947" /><testcase classname="backend.tests.test_profile_tournament_v2.TestTournamentPublic" name="test_public_visible_to_other" time="0.397" /><testcase classname="backend.tests.test_profile_tournament_v2.TestTournamentPrivate" name="test_private_hidden_and_join_by_code" time="0.805" /><testcase classname="backend.tests.test_profile_tournament_v2.TestPrize_LE4" name="test_three_players_one_winner_full_pot" time="1.229" /><testcase classname="backend.tests.test_profile_tournament_v2.TestPrize_5_10" name="test_eight_players_70_30" time="4.809" /><testcase classname="backend.tests.test_profile_tournament_v2.TestPrize_GT10" name="test_eleven_players" time="6.734" /><testcase classname="backend.tests.test_profile_tournament_v2.TestRoomScoped" name="test_tournament_not_in_other_room" time="0.410" /></testsuite></testsuites>