<?xml version="1.0" encoding="utf-8"?><testsuites name="pytest tests"><testsuite name="pytest" errors="0" failures="0" skipped="0" tests="6" time="3.456" timestamp="2026-06-07T11:22:51.055358+00:00" hostname="agent-env-42850b4e-dd88-4bfd-b1bc-2a41149c2ee1"><testcase classname="backend.tests.test_refactor_iter12.TestWinsLeaderboardShape" name="test_fresh_user_empty_me" time="0.718" /><testcase classname="backend.tests.test_refactor_iter12.TestWinsLeaderboardShape" name="test_route_ordering_not_intercepted_by_tid" time="0.570" /><testcase classname="backend.tests.test_refactor_iter12.TestWinsLeaderboardCorrectness" name="test_after_2p_tournament_winner_appears" time="1.683" /><testcase classname="backend.tests.test_refactor_iter12.TestVipModule" name="test_vip_tiers" time="0.103" /><testcase classname="backend.tests.test_refactor_iter12.TestLeaderboardModule" name="test_vip_leaderboard_200" time="0.111" /><testcase classname="backend.tests.test_refactor_iter12.TestPostRefactorTournamentSmoke" name="test_get_specific_tournament_404" time="0.106" /></testsuite></testsuites>