<?xml version="1.0" encoding="utf-8"?><testsuites name="pytest tests"><testsuite name="pytest" errors="0" failures="0" skipped="0" tests="8" time="8.319" timestamp="2026-06-07T07:49:07.886358+00:00" hostname="agent-env-9e23cd5e-de1c-4e00-aba7-596a41136513"><testcase classname="backend.tests.test_dm_autojoin.TestAutoJoin" name="test_new_user_goes_to_world_vibez_then_resumes" time="0.788" /><testcase classname="backend.tests.test_dm_autojoin.TestAutoJoin" name="test_join_then_leave_preserves_lastRoomId" time="0.832" /><testcase classname="backend.tests.test_dm_autojoin.TestAutoJoin" name="test_explicit_join_sets_currentRoomId" time="0.837" /><testcase classname="backend.tests.test_dm_autojoin.TestDmUnread" name="test_unread_count_increments_and_marks_read_on_fetch" time="1.461" /><testcase classname="backend.tests.test_dm_autojoin.TestDmDelete" name="test_delete_conversation_removes_all_rows" time="1.718" /><testcase classname="backend.tests.test_dm_autojoin.TestDmSettings" name="test_defaults_and_persistence" time="0.944" /><testcase classname="backend.tests.test_dm_autojoin.TestDmSettings" name="test_invalid_value_is_ignored" time="0.719" /><testcase classname="backend.tests.test_dm_autojoin.TestSeededUsersAvailable" name="test_dmtest1_and_dmtest2_login" time="0.944" /></testsuite></testsuites>