<?xml version="1.0" encoding="utf-8"?><testsuites name="pytest tests"><testsuite name="pytest" errors="0" failures="0" skipped="0" tests="18" time="131.279" timestamp="2026-05-30T09:50:13.668125+00:00" hostname="agent-env-4024dc6b-0189-49c5-8498-18e608b2781f"><testcase classname="backend.tests.test_multiplayer_games.TestGameTypesList" name="test_list_game_types" time="0.004" /><testcase classname="backend.tests.test_multiplayer_games.TestSoloGameAborts" name="test_solo_game_aborts_and_refunds" time="21.760" /><testcase classname="backend.tests.test_multiplayer_games.TestMultiplayerCompletes" name="test_multiplayer_completes_with_winner" time="21.779" /><testcase classname="backend.tests.test_multiplayer_games.TestHostValidation" name="test_invalid_game_type" time="0.006" /><testcase classname="backend.tests.test_multiplayer_games.TestHostValidation" name="test_host_without_being_in_room" time="0.010" /><testcase classname="backend.tests.test_multiplayer_games.TestHostValidation" name="test_host_without_enough_coins" time="0.013" /><testcase classname="backend.tests.test_multiplayer_games.TestHostValidation" name="test_host_with_active_game_already" time="21.516" /><testcase classname="backend.tests.test_multiplayer_games.TestJoinValidation" name="test_join_when_not_in_same_room" time="21.524" /><testcase classname="backend.tests.test_multiplayer_games.TestJoinValidation" name="test_join_same_game_twice" time="21.529" /><testcase classname="backend.tests.test_multiplayer_games.TestJoinValidation" name="test_join_when_game_is_full" time="22.949" /><testcase classname="backend.tests.test_multiplayer_games.TestRegression" name="test_auth_me" time="0.005" /><testcase classname="backend.tests.test_multiplayer_games.TestRegression" name="test_rooms_list" time="0.002" /><testcase classname="backend.tests.test_multiplayer_games.TestRegression" name="test_message_send_and_get" time="0.009" /><testcase classname="backend.tests.test_multiplayer_games.TestRegression" name="test_friends_pending_and_list" time="0.006" /><testcase classname="backend.tests.test_multiplayer_games.TestRegression" name="test_notifications_endpoints" time="0.004" /><testcase classname="backend.tests.test_multiplayer_games.TestRegression" name="test_search_users" time="0.003" /><testcase classname="backend.tests.test_multiplayer_games.TestRegression" name="test_leaderboard" time="0.007" /><testcase classname="backend.tests.test_multiplayer_games.TestRegression" name="test_room_join_leave" time="0.013" /></testsuite></testsuites>