<?xml version="1.0" encoding="utf-8"?><testsuites name="pytest tests"><testsuite name="pytest" errors="0" failures="0" skipped="0" tests="6" time="53.325" timestamp="2026-06-07T17:16:55.749850+00:00" hostname="agent-env-75beb0e6-c9fa-4ff7-90aa-c71b219fbffb"><testcase classname="backend.tests.test_refund_leaderboard" name="test_lone_host_game_abort_flags_refunded_and_excludes_from_leaderboard" time="24.298" /><testcase classname="backend.tests.test_refund_leaderboard" name="test_successful_game_keeps_spend_rows_unrefunded" time="23.213" /><testcase classname="backend.tests.test_refund_leaderboard" name="test_leaderboard_excludes_synthetic_refunded_row" time="0.317" /><testcase classname="backend.tests.test_refund_leaderboard" name="test_tournament_lone_joiner_cancel_via_backfill" time="2.577" /><testcase classname="backend.tests.test_refund_leaderboard" name="test_backfill_idempotent" time="2.680" /><testcase classname="backend.tests.test_refund_leaderboard" name="test_leaderboard_coins_spent_endpoint_healthy" time="0.104" /></testsuite></testsuites>