<?xml version="1.0" encoding="utf-8"?><testsuites name="pytest tests"><testsuite name="pytest" errors="0" failures="0" skipped="0" tests="20" time="0.833" timestamp="2026-05-30T11:01:33.239155+00:00" hostname="agent-env-4024dc6b-0189-49c5-8498-18e608b2781f"><testcase classname="backend.tests.test_ui_features_regression.TestAuth" name="test_login_alice" time="0.259" /><testcase classname="backend.tests.test_ui_features_regression.TestAuth" name="test_login_wrong_password" time="0.226" /><testcase classname="backend.tests.test_ui_features_regression.TestAuth" name="test_auth_me_returns_bannerUrl_field" time="0.006" /><testcase classname="backend.tests.test_ui_features_regression.TestAuth" name="test_auth_me_unauthorized" time="0.002" /><testcase classname="backend.tests.test_ui_features_regression.TestRoomsBanner" name="test_rooms_list_has_roomBanner" time="0.002" /><testcase classname="backend.tests.test_ui_features_regression.TestRoomsBanner" name="test_default_rooms_have_unsplash_banners" time="0.002" /><testcase classname="backend.tests.test_ui_features_regression.TestProfileBannerUpdate" name="test_update_profile_with_bannerUrl" time="0.003" /><testcase classname="backend.tests.test_ui_features_regression.TestProfileBannerUpdate" name="test_get_me_reflects_persisted_banner" time="0.002" /><testcase classname="backend.tests.test_ui_features_regression.TestProfileBannerUpdate" name="test_update_profile_clears_banner_with_displayName" time="0.003" /><testcase classname="backend.tests.test_ui_features_regression.TestRegressionSmoke" name="test_friends_list" time="0.006" /><testcase classname="backend.tests.test_ui_features_regression.TestRegressionSmoke" name="test_friends_pending" time="0.003" /><testcase classname="backend.tests.test_ui_features_regression.TestRegressionSmoke" name="test_notifications_list" time="0.003" /><testcase classname="backend.tests.test_ui_features_regression.TestRegressionSmoke" name="test_notifications_unread_count" time="0.003" /><testcase classname="backend.tests.test_ui_features_regression.TestRegressionSmoke" name="test_leaderboard_xp" time="0.002" /><testcase classname="backend.tests.test_ui_features_regression.TestRegressionSmoke" name="test_leaderboard_active_no_500" time="0.004" /><testcase classname="backend.tests.test_ui_features_regression.TestRegressionSmoke" name="test_search_users" time="0.004" /><testcase classname="backend.tests.test_ui_features_regression.TestRegressionSmoke" name="test_game_types_list" time="0.001" /><testcase classname="backend.tests.test_ui_features_regression.TestRegressionSmoke" name="test_room_members_endpoint" time="0.004" /><testcase classname="backend.tests.test_ui_features_regression.TestRegressionSmoke" name="test_messages_endpoint" time="0.008" /><testcase classname="backend.tests.test_ui_features_regression.TestGameHostJoin" name="test_host_requires_in_room" time="0.008" /></testsuite></testsuites>