<?xml version="1.0" encoding="utf-8"?><testsuites name="pytest tests"><testsuite name="pytest" errors="0" failures="0" skipped="0" tests="15" time="2.256" timestamp="2026-06-07T06:34:51.937224+00:00" hostname="agent-env-66dd3cde-5880-476a-883e-7233a78c3396"><testcase classname="backend.tests.test_vip_pro.TestVipProCatalog" name="test_catalog_structure" time="0.004" /><testcase classname="backend.tests.test_vip_pro.TestVipProSettingsGet" name="test_settings_requires_auth" time="0.042" /><testcase classname="backend.tests.test_vip_pro.TestVipProSettingsGet" name="test_fresh_user_settings_are_null" time="0.353" /><testcase classname="backend.tests.test_vip_pro.TestVipProSettingsGet" name="test_vip_user_settings_includes_grant_meta" time="0.308" /><testcase classname="backend.tests.test_vip_pro.TestVipProSettingsPut" name="test_put_rejects_non_vip" time="0.043" /><testcase classname="backend.tests.test_vip_pro.TestVipProSettingsPut" name="test_put_invalid_badge" time="0.045" /><testcase classname="backend.tests.test_vip_pro.TestVipProSettingsPut" name="test_put_invalid_aura_type" time="0.044" /><testcase classname="backend.tests.test_vip_pro.TestVipProSettingsPut" name="test_put_invalid_color" time="0.043" /><testcase classname="backend.tests.test_vip_pro.TestVipProSettingsPut" name="test_put_full_customization_and_persistence" time="0.089" /><testcase classname="backend.tests.test_vip_pro.TestVipProSettingsPut" name="test_put_empty_string_clears_badge_and_aura" time="0.088" /><testcase classname="backend.tests.test_vip_pro.TestVipProMonthlyGrant" name="test_login_grants_after_30_days" time="0.534" /><testcase classname="backend.tests.test_vip_pro.TestMessagesEnriched" name="test_send_and_get_messages_enriched" time="0.132" /><testcase classname="backend.tests.test_vip_pro.TestProfileCard" name="test_profile_card_has_customization_fields" time="0.045" /><testcase classname="backend.tests.test_vip_pro.TestRoomMembersEnriched" name="test_members_enriched" time="0.045" /><testcase classname="backend.tests.test_vip_pro.TestDirectMessagesEnriched" name="test_direct_messages_enriched" time="0.188" /></testsuite></testsuites>